2025-10-01 04:10:04,053 [INFO] app.main: Inicializando LG Logística v2 - Backend...
2025-10-01 04:10:48,724 [INFO] app.services.shopify_vendas_produtos: coleta_inicio
2025-10-01 04:10:50,000 [INFO] app.services.shopify_vendas_produtos: graphql_page_ok
2025-10-01 04:10:50,000 [INFO] app.services.shopify_vendas_produtos: coleta_parcial
2025-10-01 04:10:50,001 [INFO] app.services.shopify_vendas_produtos: coleta_parcial
2025-10-01 04:10:50,001 [INFO] app.services.shopify_vendas_produtos: coleta_parcial
2025-10-01 04:10:50,002 [INFO] app.services.shopify_vendas_produtos: coleta_parcial
2025-10-01 04:10:50,002 [INFO] app.services.shopify_vendas_produtos: coleta_parcial
2025-10-01 04:10:51,011 [INFO] app.services.shopify_vendas_produtos: graphql_page_ok
2025-10-01 04:10:51,012 [INFO] app.services.shopify_vendas_produtos: coleta_parcial
2025-10-01 04:10:51,012 [INFO] app.services.shopify_vendas_produtos: coleta_parcial
2025-10-01 04:10:51,013 [INFO] app.services.shopify_vendas_produtos: coleta_parcial
2025-10-01 04:10:51,013 [INFO] app.services.shopify_vendas_produtos: coleta_parcial
2025-10-01 04:10:51,014 [INFO] app.services.shopify_vendas_produtos: coleta_parcial
2025-10-01 04:10:52,075 [INFO] app.services.shopify_vendas_produtos: graphql_page_ok
2025-10-01 04:10:52,076 [INFO] app.services.shopify_vendas_produtos: coleta_parcial
2025-10-01 04:10:52,076 [INFO] app.services.shopify_vendas_produtos: coleta_parcial
2025-10-01 04:10:52,077 [INFO] app.services.shopify_vendas_produtos: coleta_parcial
2025-10-01 04:10:52,077 [INFO] app.services.shopify_vendas_produtos: coleta_parcial
2025-10-01 04:10:52,077 [INFO] app.services.shopify_vendas_produtos: coleta_parcial
2025-10-01 04:10:52,372 [INFO] app.services.shopify_vendas_produtos: graphql_throttled
2025-10-01 04:10:52,372 [INFO] app.utils.throttlers: graphql_throttle_sleep
2025-10-01 04:10:55,535 [INFO] app.services.shopify_vendas_produtos: graphql_page_ok
2025-10-01 04:10:55,536 [INFO] app.services.shopify_vendas_produtos: coleta_parcial
2025-10-01 04:10:55,536 [INFO] app.services.shopify_vendas_produtos: coleta_parcial
2025-10-01 04:10:55,537 [INFO] app.services.shopify_vendas_produtos: coleta_parcial
2025-10-01 04:10:55,537 [INFO] app.services.shopify_vendas_produtos: coleta_parcial
2025-10-01 04:10:55,538 [INFO] app.services.shopify_vendas_produtos: coleta_parcial
2025-10-01 04:10:55,809 [INFO] app.services.shopify_vendas_produtos: graphql_throttled
2025-10-01 04:10:55,809 [INFO] app.utils.throttlers: graphql_throttle_sleep
2025-10-01 04:11:01,795 [INFO] app.services.shopify_vendas_produtos: graphql_page_ok
2025-10-01 04:11:01,796 [INFO] app.services.shopify_vendas_produtos: coleta_parcial
2025-10-01 04:11:01,796 [INFO] app.services.shopify_vendas_produtos: coleta_parcial
2025-10-01 04:11:01,796 [INFO] app.services.shopify_vendas_produtos: coleta_parcial
2025-10-01 04:11:01,797 [INFO] app.services.shopify_vendas_produtos: coleta_parcial
2025-10-01 04:11:01,797 [INFO] app.services.shopify_vendas_produtos: coleta_parcial
2025-10-01 04:11:02,103 [INFO] app.services.shopify_vendas_produtos: graphql_throttled
2025-10-01 04:11:02,104 [INFO] app.utils.throttlers: graphql_throttle_sleep
2025-10-01 04:11:08,163 [INFO] app.services.shopify_vendas_produtos: graphql_page_ok
2025-10-01 04:11:08,164 [INFO] app.services.shopify_vendas_produtos: coleta_parcial
2025-10-01 04:11:08,164 [INFO] app.services.shopify_vendas_produtos: coleta_parcial
2025-10-01 04:11:08,165 [INFO] app.services.shopify_vendas_produtos: coleta_parcial
2025-10-01 04:11:08,165 [INFO] app.services.shopify_vendas_produtos: coleta_parcial
2025-10-01 04:11:08,166 [INFO] app.services.shopify_vendas_produtos: coleta_parcial
2025-10-01 04:11:08,443 [INFO] app.services.shopify_vendas_produtos: graphql_throttled
2025-10-01 04:11:08,443 [INFO] app.utils.throttlers: graphql_throttle_sleep
2025-10-01 04:11:14,428 [INFO] app.services.shopify_vendas_produtos: graphql_page_ok
2025-10-01 04:11:14,429 [INFO] app.services.shopify_vendas_produtos: coleta_parcial
2025-10-01 04:11:14,430 [INFO] app.services.shopify_vendas_produtos: coleta_parcial
2025-10-01 04:11:14,430 [INFO] app.services.shopify_vendas_produtos: coleta_parcial
2025-10-01 04:11:14,431 [INFO] app.services.shopify_vendas_produtos: coleta_parcial
2025-10-01 04:11:14,431 [INFO] app.services.shopify_vendas_produtos: coleta_fim
2025-10-01 04:22:00,261 [INFO] app.main: Inicializando LG Logística v2...
2025-10-01 04:22:09,596 [INFO] app.services.shopify_vendas_produtos: coleta_inicio
2025-10-01 04:22:10,921 [INFO] app.services.shopify_vendas_produtos: graphql_page_ok
2025-10-01 04:22:10,922 [INFO] app.services.shopify_vendas_produtos: coleta_parcial
2025-10-01 04:22:10,922 [INFO] app.services.shopify_vendas_produtos: coleta_parcial
2025-10-01 04:22:10,923 [INFO] app.services.shopify_vendas_produtos: coleta_parcial
2025-10-01 04:22:10,923 [INFO] app.services.shopify_vendas_produtos: coleta_parcial
2025-10-01 04:22:10,923 [INFO] app.services.shopify_vendas_produtos: coleta_parcial
2025-10-01 04:22:11,915 [INFO] app.services.shopify_vendas_produtos: graphql_page_ok
2025-10-01 04:22:11,916 [INFO] app.services.shopify_vendas_produtos: coleta_parcial
2025-10-01 04:22:11,916 [INFO] app.services.shopify_vendas_produtos: coleta_parcial
2025-10-01 04:22:11,917 [INFO] app.services.shopify_vendas_produtos: coleta_parcial
2025-10-01 04:22:11,917 [INFO] app.services.shopify_vendas_produtos: coleta_parcial
2025-10-01 04:22:11,918 [INFO] app.services.shopify_vendas_produtos: coleta_parcial
2025-10-01 04:22:12,921 [INFO] app.services.shopify_vendas_produtos: graphql_page_ok
2025-10-01 04:22:12,922 [INFO] app.services.shopify_vendas_produtos: coleta_parcial
2025-10-01 04:22:12,922 [INFO] app.services.shopify_vendas_produtos: coleta_parcial
2025-10-01 04:22:12,923 [INFO] app.services.shopify_vendas_produtos: coleta_parcial
2025-10-01 04:22:12,923 [INFO] app.services.shopify_vendas_produtos: coleta_parcial
2025-10-01 04:22:12,924 [INFO] app.services.shopify_vendas_produtos: coleta_parcial
2025-10-01 04:22:13,194 [INFO] app.services.shopify_vendas_produtos: graphql_throttled
2025-10-01 04:22:13,194 [INFO] app.utils.throttlers: graphql_throttle_sleep
2025-10-01 04:22:16,550 [INFO] app.services.shopify_vendas_produtos: graphql_page_ok
2025-10-01 04:22:16,551 [INFO] app.services.shopify_vendas_produtos: coleta_parcial
2025-10-01 04:22:16,551 [INFO] app.services.shopify_vendas_produtos: coleta_parcial
2025-10-01 04:22:16,552 [INFO] app.services.shopify_vendas_produtos: coleta_parcial
2025-10-01 04:22:16,552 [INFO] app.services.shopify_vendas_produtos: coleta_parcial
2025-10-01 04:22:16,553 [INFO] app.services.shopify_vendas_produtos: coleta_parcial
2025-10-01 04:22:16,820 [INFO] app.services.shopify_vendas_produtos: graphql_throttled
2025-10-01 04:22:16,820 [INFO] app.utils.throttlers: graphql_throttle_sleep
2025-10-01 04:22:22,724 [INFO] app.services.shopify_vendas_produtos: graphql_page_ok
2025-10-01 04:22:22,725 [INFO] app.services.shopify_vendas_produtos: coleta_parcial
2025-10-01 04:22:22,725 [INFO] app.services.shopify_vendas_produtos: coleta_parcial
2025-10-01 04:22:22,726 [INFO] app.services.shopify_vendas_produtos: coleta_parcial
2025-10-01 04:22:22,726 [INFO] app.services.shopify_vendas_produtos: coleta_parcial
2025-10-01 04:22:22,727 [INFO] app.services.shopify_vendas_produtos: coleta_parcial
2025-10-01 04:22:23,064 [INFO] app.services.shopify_vendas_produtos: graphql_throttled
2025-10-01 04:22:23,065 [INFO] app.utils.throttlers: graphql_throttle_sleep
2025-10-01 04:22:29,107 [INFO] app.services.shopify_vendas_produtos: graphql_page_ok
2025-10-01 04:22:29,107 [INFO] app.services.shopify_vendas_produtos: coleta_parcial
2025-10-01 04:22:29,108 [INFO] app.services.shopify_vendas_produtos: coleta_parcial
2025-10-01 04:22:29,108 [INFO] app.services.shopify_vendas_produtos: coleta_parcial
2025-10-01 04:22:29,109 [INFO] app.services.shopify_vendas_produtos: coleta_parcial
2025-10-01 04:22:29,109 [INFO] app.services.shopify_vendas_produtos: coleta_parcial
2025-10-01 04:22:29,380 [INFO] app.services.shopify_vendas_produtos: graphql_throttled
2025-10-01 04:22:29,380 [INFO] app.utils.throttlers: graphql_throttle_sleep
2025-10-01 04:22:35,246 [INFO] app.services.shopify_vendas_produtos: graphql_page_ok
2025-10-01 04:22:35,247 [INFO] app.services.shopify_vendas_produtos: coleta_parcial
2025-10-01 04:22:35,247 [INFO] app.services.shopify_vendas_produtos: coleta_parcial
2025-10-01 04:22:35,248 [INFO] app.services.shopify_vendas_produtos: coleta_parcial
2025-10-01 04:22:35,248 [INFO] app.services.shopify_vendas_produtos: coleta_parcial
2025-10-01 04:22:35,248 [INFO] app.services.shopify_vendas_produtos: coleta_fim
